1 1 1 3 3 3 7 7 7 13 13 13 21 21 21 31 32
2 2 2 4 4 4 8 8 8 14 14 14 22 22 22 31 32
5 5 5 6 6 6 9 9 9 15 15 15 23 23 23 31 32
10 10 10 11 11 11 12 12 12 16 16 16 24 24 24 33 40
17 17 17 18 18 18 19 19 19 20 20 20 25 25 25 33 40
26 26 26 27 27 27 28 28 28 29 29 29 30 30 30 33 40
34 34 34 35 35 35 36 36 36 37 37 37 38 38 38 39 41
42 42 42 43 43 43 44 44 44 45 45 45 46 46 46 39 41
49 49 49 50 50 50 51 51 51 52 52 52 48 48 48 39 41
56 56 56 57 57 57 58 58 58 59 60 53 53 53 47 47 47
63 63 63 64 64 64 65 65 65 59 60 55 55 55 54 54 54
71 71 71 72 72 72 70 70 70 59 60 62 62 62 61 61 61
75 75 75 77 82 74 74 74 69 69 69 68 68 68 66 66 66
76 86 85 77 82 83 83 83 84 88 78 78 78 73 73 73 67
76 86 85 77 82 90 90 90 84 88 81 81 81 79 79 79 67
76 86 85 87 87 87 0 0 84 88 89 89 89 80 80 80 67

1 1 1 5 5 5 6
2 3 4 8 8 8 6
2 3 4 9 9 9 6
2 3 4 0 7 7 7

1 1 1 3 3 3 8 8 8 12 12 12 13
2 2 2 4 4 4 9 9 9 15 15 15 13
5 5 5 7 7 7 10 10 10 16 16 16 13
6 11 11 11 17 17 17 24 22 21 21 21 14
6 18 18 18 20 20 20 24 22 26 26 26 14
6 19 19 19 25 25 25 24 22 23 23 23 14

1 1 1 2 2 2
3 3 3 4 4 4
5 5 5 6 6 6
7 7 7 8 8 8
9 9 9 10 10 10
11 11 11 12 12 12
13 13 13 14 14 14
15 15 15 16 16 16
17 17 17 18 18 18
19 19 19 20 20 20
21 21 21 22 22 22
23 23 23 24 24 24
25 25 25 26 26 26
27 27 27 28 28 28
29 29 29 31 31 31
30 33 33 33 34 32
30 36 36 36 34 32
30 35 35 35 34 32

1 1 1 3 3 3 7 7 7 13 13 13 22 22 22 23
2 2 2 4 4 4 8 8 8 14 14 14 24 24 24 23
5 5 5 6 6 6 9 9 9 15 15 15 25 25 25 23
10 10 10 11 11 11 12 12 12 16 16 16 26 26 26 0
17 17 17 19 19 19 20 20 20 21 21 21 27 27 27 0
18 29 29 29 31 31 31 36 36 36 40 35 35 35 30 28
18 32 32 32 34 34 34 37 37 37 40 42 42 42 30 28
18 33 33 33 38 38 38 39 39 39 40 41 41 41 30 28

1 1 1 3 2
4 4 4 3 2
6 6 6 3 2
9 7 5 5 5
9 7 8 8 8
9 7 10 10 10
11 11 11 13 12
14 14 14 13 12
16 16 16 13 12
19 17 15 15 15
19 17 18 18 18
19 17 20 20 20
21 21 21 26 25
22 23 0 26 25
22 23 0 26 25
22 23 24 24 24

1 1 1 3 3 3 7 7 7 13 13 13 21 21 21 31 32
2 2 2 4 4 4 8 8 8 14 14 14 22 22 22 31 32
5 5 5 6 6 6 9 9 9 15 15 15 23 23 23 31 32
10 10 10 11 11 11 12 12 12 16 16 16 24 24 24 33 40
17 17 17 18 18 18 19 19 19 20 20 20 25 25 25 33 40
26 26 26 27 27 27 28 28 28 29 29 29 30 30 30 33 40
34 34 34 35 35 35 36 36 36 37 37 37 38 38 38 39 41
42 42 42 43 43 43 44 44 44 45 45 45 46 46 46 39 41
49 49 49 50 50 50 51 51 51 52 52 52 48 48 48 39 41
56 56 56 57 57 57 58 58 58 59 60 53 53 53 47 47 47
64 64 64 65 65 65 66 66 66 59 60 55 55 55 54 54 54
68 68 68 70 70 70 71 71 71 59 60 63 63 63 61 61 61
69 77 77 77 79 79 79 73 73 73 72 72 72 67 67 67 62
69 84 84 84 80 80 80 78 78 78 76 76 76 74 74 74 62
69 81 81 81 85 85 85 83 83 83 82 82 82 75 75 75 62

1 1 1 3 3 3 7 7 7 13 14
2 2 2 4 4 4 8 8 8 13 14
5 5 5 6 6 6 9 9 9 13 14
10 10 10 11 11 11 12 12 12 15 19
16 16 16 17 17 17 18 18 18 15 19
20 20 20 21 21 21 22 22 22 15 19
24 24 24 25 25 25 26 27 23 23 23
29 29 29 30 30 30 26 27 28 28 28
32 32 32 33 33 33 26 27 31 31 31
36 36 36 37 40 35 35 35 34 34 34
41 41 41 37 40 39 39 39 38 38 38
44 44 44 37 40 43 43 43 42 42 42
0 0 48 48 48 47 47 47 45 45 45
55 54 54 54 50 50 50 49 49 49 46
55 56 56 56 53 53 53 51 51 51 46
55 58 58 58 57 57 57 52 52 52 46

1 1 1 2
3 3 3 2
4 4 4 2
6 5 5 5
6 7 7 7
6 8 8 8
9 9 9 10
11 11 11 10
12 12 12 10
14 13 13 13
14 15 15 15
14 0 0 16
18 18 18 16
17 17 17 16

1 1 1 3 3 3 7 7 7 13 13 13 21 21 21 31 32
2 2 2 4 4 4 8 8 8 14 14 14 22 22 22 31 32
5 5 5 6 6 6 9 9 9 15 15 15 23 23 23 31 32
10 10 10 11 11 11 12 12 12 16 16 16 24 24 24 33 40
17 17 17 18 18 18 19 19 19 20 20 20 25 25 25 33 40
26 26 26 27 27 27 28 28 28 29 29 29 30 30 30 33 40
34 34 34 35 35 35 36 36 36 37 37 37 38 38 38 39 41
42 42 42 43 43 43 44 44 44 45 45 45 46 46 46 39 41
49 49 49 50 50 50 51 51 51 52 52 52 48 48 48 39 41
56 56 56 57 57 57 58 58 58 59 60 53 53 53 47 47 47
63 63 63 64 64 64 65 65 65 59 60 55 55 55 54 54 54
70 70 70 71 71 71 69 69 69 59 60 62 62 62 61 61 61
77 77 77 78 84 75 75 75 68 68 68 67 67 67 66 66 66
85 85 85 78 84 76 76 76 74 74 74 73 73 73 72 72 72
87 87 87 78 84 83 83 83 82 82 82 81 81 81 79 79 79
88 93 93 93 94 94 94 95 95 95 89 89 89 86 86 86 80
88 99 99 99 101 101 101 96 96 96 92 92 92 90 90 90 80
88 100 100 100 102 102 102 98 98 98 97 97 97 91 91 91 80

